mode: atomic
github.com/wstiehler/role-api/internal/domain/role/entity.go:20.41,22.2 1 2
github.com/wstiehler/role-api/internal/domain/role/entity.go:24.47,26.2 1 1
github.com/wstiehler/role-api/internal/domain/role/memory_adapter.go:8.87,9.46 1 2
github.com/wstiehler/role-api/internal/domain/role/memory_adapter.go:9.46,11.3 1 1
github.com/wstiehler/role-api/internal/domain/role/memory_adapter.go:12.2,12.19 1 1
github.com/wstiehler/role-api/internal/domain/role/memory_adapter.go:15.111,16.52 1 0
github.com/wstiehler/role-api/internal/domain/role/memory_adapter.go:16.52,18.3 1 0
github.com/wstiehler/role-api/internal/domain/role/memory_adapter.go:19.2,19.25 1 0
github.com/wstiehler/role-api/internal/domain/role/memory_adapter.go:22.79,27.2 3 0
github.com/wstiehler/role-api/internal/domain/role/memory_adapter.go:29.93,31.77 2 0
github.com/wstiehler/role-api/internal/domain/role/memory_adapter.go:31.77,33.3 1 0
github.com/wstiehler/role-api/internal/domain/role/memory_adapter.go:34.2,34.25 1 0
github.com/wstiehler/role-api/internal/domain/role/mysql_adapter.go:10.83,11.46 1 0
github.com/wstiehler/role-api/internal/domain/role/mysql_adapter.go:11.46,13.3 1 0
github.com/wstiehler/role-api/internal/domain/role/mysql_adapter.go:14.2,14.19 1 0
github.com/wstiehler/role-api/internal/domain/role/mysql_adapter.go:17.107,18.52 1 0
github.com/wstiehler/role-api/internal/domain/role/mysql_adapter.go:18.52,20.3 1 0
github.com/wstiehler/role-api/internal/domain/role/mysql_adapter.go:21.2,21.25 1 0
github.com/wstiehler/role-api/internal/domain/role/mysql_adapter.go:24.75,29.2 3 0
github.com/wstiehler/role-api/internal/domain/role/mysql_adapter.go:31.89,33.77 2 0
github.com/wstiehler/role-api/internal/domain/role/mysql_adapter.go:33.77,35.3 1 0
github.com/wstiehler/role-api/internal/domain/role/mysql_adapter.go:36.2,36.25 1 0
github.com/wstiehler/role-api/internal/domain/role/repository.go:10.72,15.2 1 1
github.com/wstiehler/role-api/internal/domain/role/repository.go:17.71,19.2 1 2
github.com/wstiehler/role-api/internal/domain/role/repository.go:21.95,23.2 1 0
github.com/wstiehler/role-api/internal/domain/role/repository.go:25.63,27.2 1 0
github.com/wstiehler/role-api/internal/domain/role/repository.go:29.77,31.2 1 0
github.com/wstiehler/role-api/internal/domain/role/service.go:15.44,18.2 1 1
github.com/wstiehler/role-api/internal/domain/role/service.go:20.39,22.2 1 2
github.com/wstiehler/role-api/internal/domain/role/service.go:24.82,27.16 3 2
github.com/wstiehler/role-api/internal/domain/role/service.go:27.16,29.3 1 1
github.com/wstiehler/role-api/internal/domain/role/service.go:31.2,31.26 1 1
github.com/wstiehler/role-api/internal/domain/role/service.go:34.106,37.16 3 0
github.com/wstiehler/role-api/internal/domain/role/service.go:37.16,39.3 1 0
github.com/wstiehler/role-api/internal/domain/role/service.go:41.2,41.32 1 0
github.com/wstiehler/role-api/internal/domain/role/service.go:44.71,49.16 4 0
github.com/wstiehler/role-api/internal/domain/role/service.go:49.16,52.3 2 0
github.com/wstiehler/role-api/internal/domain/role/service.go:54.2,60.27 3 0
github.com/wstiehler/role-api/internal/domain/role/service.go:63.93,68.16 4 0
github.com/wstiehler/role-api/internal/domain/role/service.go:68.16,71.3 2 0
github.com/wstiehler/role-api/internal/domain/role/service.go:73.2,74.32 2 0
github.com/wstiehler/role-api/internal/domain/role/service.go:74.32,79.3 2 0
github.com/wstiehler/role-api/internal/domain/role/service.go:81.2,83.28 2 0
