mode: atomic
github.com/wstiehler/zpecreateuser-api/internal/domain/createuser/entity.go:33.41,35.2 1 0
github.com/wstiehler/zpecreateuser-api/internal/domain/createuser/entity.go:37.41,39.2 1 2
github.com/wstiehler/zpecreateuser-api/internal/domain/createuser/memory_adapter.go:10.87,11.46 1 1
github.com/wstiehler/zpecreateuser-api/internal/domain/createuser/memory_adapter.go:11.46,13.3 1 0
github.com/wstiehler/zpecreateuser-api/internal/domain/createuser/memory_adapter.go:14.2,14.19 1 1
github.com/wstiehler/zpecreateuser-api/internal/domain/createuser/memory_adapter.go:17.87,21.2 3 2
github.com/wstiehler/zpecreateuser-api/internal/domain/createuser/memory_adapter.go:23.85,27.2 3 0
github.com/wstiehler/zpecreateuser-api/internal/domain/createuser/mysql_adapter.go:10.83,11.46 1 0
github.com/wstiehler/zpecreateuser-api/internal/domain/createuser/mysql_adapter.go:11.46,13.3 1 0
github.com/wstiehler/zpecreateuser-api/internal/domain/createuser/mysql_adapter.go:14.2,14.19 1 0
github.com/wstiehler/zpecreateuser-api/internal/domain/createuser/mysql_adapter.go:17.83,21.2 3 0
github.com/wstiehler/zpecreateuser-api/internal/domain/createuser/mysql_adapter.go:23.81,27.2 3 0
github.com/wstiehler/zpecreateuser-api/internal/domain/createuser/repository.go:10.72,15.2 1 1
github.com/wstiehler/zpecreateuser-api/internal/domain/createuser/repository.go:17.71,19.2 1 1
github.com/wstiehler/zpecreateuser-api/internal/domain/createuser/repository.go:21.71,23.2 1 2
github.com/wstiehler/zpecreateuser-api/internal/domain/createuser/repository.go:25.69,27.2 1 0
github.com/wstiehler/zpecreateuser-api/internal/domain/createuser/service.go:19.44,21.2 1 1
github.com/wstiehler/zpecreateuser-api/internal/domain/createuser/service.go:23.39,25.2 1 2
github.com/wstiehler/zpecreateuser-api/internal/domain/createuser/service.go:27.79,31.17 3 2
github.com/wstiehler/zpecreateuser-api/internal/domain/createuser/service.go:31.17,33.3 1 0
github.com/wstiehler/zpecreateuser-api/internal/domain/createuser/service.go:35.2,36.16 2 2
github.com/wstiehler/zpecreateuser-api/internal/domain/createuser/service.go:36.16,39.3 2 0
github.com/wstiehler/zpecreateuser-api/internal/domain/createuser/service.go:41.2,41.30 1 2
github.com/wstiehler/zpecreateuser-api/internal/domain/createuser/service.go:41.30,44.3 2 1
github.com/wstiehler/zpecreateuser-api/internal/domain/createuser/service.go:46.2,48.16 2 1
github.com/wstiehler/zpecreateuser-api/internal/domain/createuser/service.go:48.16,51.3 2 0
github.com/wstiehler/zpecreateuser-api/internal/domain/createuser/service.go:53.2,58.16 5 1
github.com/wstiehler/zpecreateuser-api/internal/domain/createuser/service.go:58.16,61.3 2 0
github.com/wstiehler/zpecreateuser-api/internal/domain/createuser/service.go:63.2,64.16 2 1
github.com/wstiehler/zpecreateuser-api/internal/domain/createuser/service.go:64.16,67.3 2 0
github.com/wstiehler/zpecreateuser-api/internal/domain/createuser/service.go:69.2,80.27 3 1
github.com/wstiehler/zpecreateuser-api/internal/domain/createuser/service.go:83.77,88.16 4 0
github.com/wstiehler/zpecreateuser-api/internal/domain/createuser/service.go:88.16,91.3 2 0
github.com/wstiehler/zpecreateuser-api/internal/domain/createuser/service.go:93.2,100.27 3 0
