mode: atomic
github.com/wstiehler/zpeupdateuser-api/internal/domain/user/entity.go:28.41,30.2 1 3
github.com/wstiehler/zpeupdateuser-api/internal/domain/user/memory_adapter.go:10.87,13.15 2 3
github.com/wstiehler/zpeupdateuser-api/internal/domain/user/memory_adapter.go:13.15,14.31 1 3
github.com/wstiehler/zpeupdateuser-api/internal/domain/user/memory_adapter.go:14.31,16.4 1 0
github.com/wstiehler/zpeupdateuser-api/internal/domain/user/memory_adapter.go:19.2,20.72 2 3
github.com/wstiehler/zpeupdateuser-api/internal/domain/user/memory_adapter.go:20.72,23.3 2 1
github.com/wstiehler/zpeupdateuser-api/internal/domain/user/memory_adapter.go:25.2,25.42 1 2
github.com/wstiehler/zpeupdateuser-api/internal/domain/user/memory_adapter.go:25.42,28.3 2 0
github.com/wstiehler/zpeupdateuser-api/internal/domain/user/memory_adapter.go:30.2,30.18 1 2
github.com/wstiehler/zpeupdateuser-api/internal/domain/user/memory_adapter.go:33.88,36.15 2 1
github.com/wstiehler/zpeupdateuser-api/internal/domain/user/memory_adapter.go:36.15,37.31 1 1
github.com/wstiehler/zpeupdateuser-api/internal/domain/user/memory_adapter.go:37.31,39.4 1 0
github.com/wstiehler/zpeupdateuser-api/internal/domain/user/memory_adapter.go:42.2,42.92 1 1
github.com/wstiehler/zpeupdateuser-api/internal/domain/user/memory_adapter.go:42.92,45.3 2 0
github.com/wstiehler/zpeupdateuser-api/internal/domain/user/memory_adapter.go:47.2,47.42 1 1
github.com/wstiehler/zpeupdateuser-api/internal/domain/user/memory_adapter.go:47.42,50.3 2 0
github.com/wstiehler/zpeupdateuser-api/internal/domain/user/memory_adapter.go:52.2,52.12 1 1
github.com/wstiehler/zpeupdateuser-api/internal/domain/user/memory_adapter.go:55.81,58.15 2 0
github.com/wstiehler/zpeupdateuser-api/internal/domain/user/memory_adapter.go:58.15,59.31 1 0
github.com/wstiehler/zpeupdateuser-api/internal/domain/user/memory_adapter.go:59.31,61.4 1 0
github.com/wstiehler/zpeupdateuser-api/internal/domain/user/memory_adapter.go:64.2,65.66 2 0
github.com/wstiehler/zpeupdateuser-api/internal/domain/user/memory_adapter.go:65.66,68.3 2 0
github.com/wstiehler/zpeupdateuser-api/internal/domain/user/memory_adapter.go:70.2,70.42 1 0
github.com/wstiehler/zpeupdateuser-api/internal/domain/user/memory_adapter.go:70.42,73.3 2 0
github.com/wstiehler/zpeupdateuser-api/internal/domain/user/memory_adapter.go:75.2,75.18 1 0
github.com/wstiehler/zpeupdateuser-api/internal/domain/user/memory_adapter.go:78.66,81.16 2 1
github.com/wstiehler/zpeupdateuser-api/internal/domain/user/memory_adapter.go:81.16,83.3 1 0
github.com/wstiehler/zpeupdateuser-api/internal/domain/user/memory_adapter.go:84.2,84.12 1 1
github.com/wstiehler/zpeupdateuser-api/internal/domain/user/mysql_adapter.go:10.83,13.15 2 0
github.com/wstiehler/zpeupdateuser-api/internal/domain/user/mysql_adapter.go:13.15,14.31 1 0
github.com/wstiehler/zpeupdateuser-api/internal/domain/user/mysql_adapter.go:14.31,16.4 1 0
github.com/wstiehler/zpeupdateuser-api/internal/domain/user/mysql_adapter.go:19.2,20.72 2 0
github.com/wstiehler/zpeupdateuser-api/internal/domain/user/mysql_adapter.go:20.72,23.3 2 0
github.com/wstiehler/zpeupdateuser-api/internal/domain/user/mysql_adapter.go:25.2,25.42 1 0
github.com/wstiehler/zpeupdateuser-api/internal/domain/user/mysql_adapter.go:25.42,28.3 2 0
github.com/wstiehler/zpeupdateuser-api/internal/domain/user/mysql_adapter.go:30.2,30.18 1 0
github.com/wstiehler/zpeupdateuser-api/internal/domain/user/mysql_adapter.go:33.84,36.15 2 0
github.com/wstiehler/zpeupdateuser-api/internal/domain/user/mysql_adapter.go:36.15,37.31 1 0
github.com/wstiehler/zpeupdateuser-api/internal/domain/user/mysql_adapter.go:37.31,39.4 1 0
github.com/wstiehler/zpeupdateuser-api/internal/domain/user/mysql_adapter.go:42.2,42.92 1 0
github.com/wstiehler/zpeupdateuser-api/internal/domain/user/mysql_adapter.go:42.92,45.3 2 0
github.com/wstiehler/zpeupdateuser-api/internal/domain/user/mysql_adapter.go:47.2,47.42 1 0
github.com/wstiehler/zpeupdateuser-api/internal/domain/user/mysql_adapter.go:47.42,50.3 2 0
github.com/wstiehler/zpeupdateuser-api/internal/domain/user/mysql_adapter.go:52.2,52.12 1 0
github.com/wstiehler/zpeupdateuser-api/internal/domain/user/mysql_adapter.go:55.77,58.15 2 0
github.com/wstiehler/zpeupdateuser-api/internal/domain/user/mysql_adapter.go:58.15,59.31 1 0
github.com/wstiehler/zpeupdateuser-api/internal/domain/user/mysql_adapter.go:59.31,61.4 1 0
github.com/wstiehler/zpeupdateuser-api/internal/domain/user/mysql_adapter.go:64.2,65.66 2 0
github.com/wstiehler/zpeupdateuser-api/internal/domain/user/mysql_adapter.go:65.66,68.3 2 0
github.com/wstiehler/zpeupdateuser-api/internal/domain/user/mysql_adapter.go:70.2,70.42 1 0
github.com/wstiehler/zpeupdateuser-api/internal/domain/user/mysql_adapter.go:70.42,73.3 2 0
github.com/wstiehler/zpeupdateuser-api/internal/domain/user/mysql_adapter.go:75.2,75.18 1 0
github.com/wstiehler/zpeupdateuser-api/internal/domain/user/mysql_adapter.go:78.62,81.16 2 0
github.com/wstiehler/zpeupdateuser-api/internal/domain/user/mysql_adapter.go:81.16,83.3 1 0
github.com/wstiehler/zpeupdateuser-api/internal/domain/user/mysql_adapter.go:84.2,84.12 1 0
github.com/wstiehler/zpeupdateuser-api/internal/domain/user/repository.go:10.72,15.2 1 3
github.com/wstiehler/zpeupdateuser-api/internal/domain/user/repository.go:17.71,19.2 1 3
github.com/wstiehler/zpeupdateuser-api/internal/domain/user/repository.go:21.65,23.2 1 0
github.com/wstiehler/zpeupdateuser-api/internal/domain/user/repository.go:25.74,27.2 1 1
github.com/wstiehler/zpeupdateuser-api/internal/domain/user/repository.go:29.50,31.2 1 1
github.com/wstiehler/zpeupdateuser-api/internal/domain/user/service.go:22.44,24.2 1 3
github.com/wstiehler/zpeupdateuser-api/internal/domain/user/service.go:26.39,28.2 1 0
github.com/wstiehler/zpeupdateuser-api/internal/domain/user/service.go:30.93,33.16 2 1
github.com/wstiehler/zpeupdateuser-api/internal/domain/user/service.go:33.16,35.3 1 1
github.com/wstiehler/zpeupdateuser-api/internal/domain/user/service.go:37.2,38.16 2 0
github.com/wstiehler/zpeupdateuser-api/internal/domain/user/service.go:38.16,40.3 1 0
github.com/wstiehler/zpeupdateuser-api/internal/domain/user/service.go:42.2,43.16 2 0
github.com/wstiehler/zpeupdateuser-api/internal/domain/user/service.go:43.16,45.3 1 0
github.com/wstiehler/zpeupdateuser-api/internal/domain/user/service.go:47.2,51.31 2 0
github.com/wstiehler/zpeupdateuser-api/internal/domain/user/service.go:54.75,57.16 2 0
github.com/wstiehler/zpeupdateuser-api/internal/domain/user/service.go:57.16,59.3 1 0
github.com/wstiehler/zpeupdateuser-api/internal/domain/user/service.go:61.2,62.45 2 0
github.com/wstiehler/zpeupdateuser-api/internal/domain/user/service.go:62.45,64.3 1 0
github.com/wstiehler/zpeupdateuser-api/internal/domain/user/service.go:66.2,66.25 1 0
github.com/wstiehler/zpeupdateuser-api/internal/domain/user/service.go:69.99,81.16 4 0
github.com/wstiehler/zpeupdateuser-api/internal/domain/user/service.go:81.16,83.3 1 0
github.com/wstiehler/zpeupdateuser-api/internal/domain/user/service.go:85.2,85.25 1 0
github.com/wstiehler/zpeupdateuser-api/internal/domain/user/service.go:88.83,93.16 4 0
github.com/wstiehler/zpeupdateuser-api/internal/domain/user/service.go:93.16,96.3 2 0
github.com/wstiehler/zpeupdateuser-api/internal/domain/user/service.go:98.2,99.16 2 0
github.com/wstiehler/zpeupdateuser-api/internal/domain/user/service.go:99.16,102.3 2 0
github.com/wstiehler/zpeupdateuser-api/internal/domain/user/service.go:104.2,105.16 2 0
github.com/wstiehler/zpeupdateuser-api/internal/domain/user/service.go:105.16,108.3 2 0
github.com/wstiehler/zpeupdateuser-api/internal/domain/user/service.go:110.2,118.27 2 0
github.com/wstiehler/zpeupdateuser-api/internal/domain/user/service.go:121.80,127.16 4 0
github.com/wstiehler/zpeupdateuser-api/internal/domain/user/service.go:127.16,130.3 2 0
github.com/wstiehler/zpeupdateuser-api/internal/domain/user/service.go:132.2,132.24 1 0
github.com/wstiehler/zpeupdateuser-api/internal/domain/user/service.go:135.93,140.16 4 1
github.com/wstiehler/zpeupdateuser-api/internal/domain/user/service.go:140.16,142.3 1 0
github.com/wstiehler/zpeupdateuser-api/internal/domain/user/service.go:144.2,153.16 3 1
github.com/wstiehler/zpeupdateuser-api/internal/domain/user/service.go:153.16,156.3 2 0
github.com/wstiehler/zpeupdateuser-api/internal/domain/user/service.go:158.2,160.25 2 1
github.com/wstiehler/zpeupdateuser-api/internal/domain/user/service.go:163.64,169.16 4 1
github.com/wstiehler/zpeupdateuser-api/internal/domain/user/service.go:169.16,172.3 2 0
github.com/wstiehler/zpeupdateuser-api/internal/domain/user/service.go:173.2,175.12 2 1
