mode: atomic
github.com/wstiehler/zpedetailuser-api/internal/domain/detailuser/entity.go:21.41,23.2 1 4
github.com/wstiehler/zpedetailuser-api/internal/domain/detailuser/memory_adapter.go:12.87,14.72 2 4
github.com/wstiehler/zpedetailuser-api/internal/domain/detailuser/memory_adapter.go:14.72,15.45 1 2
github.com/wstiehler/zpedetailuser-api/internal/domain/detailuser/memory_adapter.go:15.45,17.4 1 2
github.com/wstiehler/zpedetailuser-api/internal/domain/detailuser/memory_adapter.go:18.3,18.27 1 0
github.com/wstiehler/zpedetailuser-api/internal/domain/detailuser/memory_adapter.go:20.2,20.18 1 2
github.com/wstiehler/zpedetailuser-api/internal/domain/detailuser/memory_adapter.go:23.81,25.66 2 2
github.com/wstiehler/zpedetailuser-api/internal/domain/detailuser/memory_adapter.go:25.66,26.45 1 2
github.com/wstiehler/zpedetailuser-api/internal/domain/detailuser/memory_adapter.go:26.45,28.4 1 2
github.com/wstiehler/zpedetailuser-api/internal/domain/detailuser/memory_adapter.go:29.3,29.27 1 0
github.com/wstiehler/zpedetailuser-api/internal/domain/detailuser/memory_adapter.go:31.2,31.18 1 0
github.com/wstiehler/zpedetailuser-api/internal/domain/detailuser/memory_adapter.go:34.85,36.70 2 2
github.com/wstiehler/zpedetailuser-api/internal/domain/detailuser/memory_adapter.go:36.70,37.45 1 1
github.com/wstiehler/zpedetailuser-api/internal/domain/detailuser/memory_adapter.go:37.45,39.4 1 1
github.com/wstiehler/zpedetailuser-api/internal/domain/detailuser/memory_adapter.go:40.3,40.27 1 0
github.com/wstiehler/zpedetailuser-api/internal/domain/detailuser/memory_adapter.go:42.2,42.18 1 1
github.com/wstiehler/zpedetailuser-api/internal/domain/detailuser/memory_adapter.go:45.72,47.46 2 1
github.com/wstiehler/zpedetailuser-api/internal/domain/detailuser/memory_adapter.go:47.46,49.3 1 0
github.com/wstiehler/zpedetailuser-api/internal/domain/detailuser/memory_adapter.go:50.2,50.19 1 1
github.com/wstiehler/zpedetailuser-api/internal/domain/detailuser/mysql_adapter.go:12.83,14.72 2 0
github.com/wstiehler/zpedetailuser-api/internal/domain/detailuser/mysql_adapter.go:14.72,15.45 1 0
github.com/wstiehler/zpedetailuser-api/internal/domain/detailuser/mysql_adapter.go:15.45,17.4 1 0
github.com/wstiehler/zpedetailuser-api/internal/domain/detailuser/mysql_adapter.go:18.3,18.27 1 0
github.com/wstiehler/zpedetailuser-api/internal/domain/detailuser/mysql_adapter.go:20.2,20.18 1 0
github.com/wstiehler/zpedetailuser-api/internal/domain/detailuser/mysql_adapter.go:23.77,25.66 2 0
github.com/wstiehler/zpedetailuser-api/internal/domain/detailuser/mysql_adapter.go:25.66,26.45 1 0
github.com/wstiehler/zpedetailuser-api/internal/domain/detailuser/mysql_adapter.go:26.45,28.4 1 0
github.com/wstiehler/zpedetailuser-api/internal/domain/detailuser/mysql_adapter.go:29.3,29.27 1 0
github.com/wstiehler/zpedetailuser-api/internal/domain/detailuser/mysql_adapter.go:31.2,31.18 1 0
github.com/wstiehler/zpedetailuser-api/internal/domain/detailuser/mysql_adapter.go:34.81,36.70 2 0
github.com/wstiehler/zpedetailuser-api/internal/domain/detailuser/mysql_adapter.go:36.70,37.45 1 0
github.com/wstiehler/zpedetailuser-api/internal/domain/detailuser/mysql_adapter.go:37.45,39.4 1 0
github.com/wstiehler/zpedetailuser-api/internal/domain/detailuser/mysql_adapter.go:40.3,40.27 1 0
github.com/wstiehler/zpedetailuser-api/internal/domain/detailuser/mysql_adapter.go:42.2,42.18 1 0
github.com/wstiehler/zpedetailuser-api/internal/domain/detailuser/mysql_adapter.go:45.68,47.46 2 0
github.com/wstiehler/zpedetailuser-api/internal/domain/detailuser/mysql_adapter.go:47.46,49.3 1 0
github.com/wstiehler/zpedetailuser-api/internal/domain/detailuser/mysql_adapter.go:50.2,50.19 1 0
github.com/wstiehler/zpedetailuser-api/internal/domain/detailuser/repository.go:10.72,15.2 1 4
github.com/wstiehler/zpedetailuser-api/internal/domain/detailuser/repository.go:17.71,19.2 1 4
github.com/wstiehler/zpedetailuser-api/internal/domain/detailuser/repository.go:21.65,23.2 1 2
github.com/wstiehler/zpedetailuser-api/internal/domain/detailuser/repository.go:25.69,27.2 1 2
github.com/wstiehler/zpedetailuser-api/internal/domain/detailuser/repository.go:29.58,31.2 1 1
github.com/wstiehler/zpedetailuser-api/internal/domain/detailuser/service.go:19.44,21.2 1 4
github.com/wstiehler/zpedetailuser-api/internal/domain/detailuser/service.go:22.39,24.2 1 2
github.com/wstiehler/zpedetailuser-api/internal/domain/detailuser/service.go:26.81,28.16 2 4
github.com/wstiehler/zpedetailuser-api/internal/domain/detailuser/service.go:28.16,30.3 1 2
github.com/wstiehler/zpedetailuser-api/internal/domain/detailuser/service.go:31.2,31.18 1 2
github.com/wstiehler/zpedetailuser-api/internal/domain/detailuser/service.go:34.75,36.16 2 2
github.com/wstiehler/zpedetailuser-api/internal/domain/detailuser/service.go:36.16,38.3 1 2
github.com/wstiehler/zpedetailuser-api/internal/domain/detailuser/service.go:39.2,39.18 1 0
github.com/wstiehler/zpedetailuser-api/internal/domain/detailuser/service.go:42.79,44.16 2 2
github.com/wstiehler/zpedetailuser-api/internal/domain/detailuser/service.go:44.16,46.3 1 1
github.com/wstiehler/zpedetailuser-api/internal/domain/detailuser/service.go:47.2,47.18 1 1
github.com/wstiehler/zpedetailuser-api/internal/domain/detailuser/service.go:50.91,51.37 1 1
github.com/wstiehler/zpedetailuser-api/internal/domain/detailuser/service.go:51.37,54.17 3 1
github.com/wstiehler/zpedetailuser-api/internal/domain/detailuser/service.go:54.17,57.4 2 0
github.com/wstiehler/zpedetailuser-api/internal/domain/detailuser/service.go:58.3,58.20 1 1
github.com/wstiehler/zpedetailuser-api/internal/domain/detailuser/service.go:60.2,60.17 1 0
github.com/wstiehler/zpedetailuser-api/internal/domain/detailuser/service.go:63.100,68.30 4 2
github.com/wstiehler/zpedetailuser-api/internal/domain/detailuser/service.go:68.30,70.3 1 0
github.com/wstiehler/zpedetailuser-api/internal/domain/detailuser/service.go:72.2,74.18 2 2
github.com/wstiehler/zpedetailuser-api/internal/domain/detailuser/service.go:75.15,77.17 2 2
github.com/wstiehler/zpedetailuser-api/internal/domain/detailuser/service.go:77.17,79.4 1 1
github.com/wstiehler/zpedetailuser-api/internal/domain/detailuser/service.go:79.9,81.4 1 1
github.com/wstiehler/zpedetailuser-api/internal/domain/detailuser/service.go:82.12,84.17 2 0
github.com/wstiehler/zpedetailuser-api/internal/domain/detailuser/service.go:84.17,86.4 1 0
github.com/wstiehler/zpedetailuser-api/internal/domain/detailuser/service.go:86.9,88.4 1 0
github.com/wstiehler/zpedetailuser-api/internal/domain/detailuser/service.go:89.14,91.17 2 0
github.com/wstiehler/zpedetailuser-api/internal/domain/detailuser/service.go:91.17,93.4 1 0
github.com/wstiehler/zpedetailuser-api/internal/domain/detailuser/service.go:93.9,95.4 1 0
github.com/wstiehler/zpedetailuser-api/internal/domain/detailuser/service.go:96.10,97.45 1 0
github.com/wstiehler/zpedetailuser-api/internal/domain/detailuser/service.go:100.2,101.26 2 2
github.com/wstiehler/zpedetailuser-api/internal/domain/detailuser/service.go:101.26,103.17 2 2
github.com/wstiehler/zpedetailuser-api/internal/domain/detailuser/service.go:103.17,106.4 2 0
github.com/wstiehler/zpedetailuser-api/internal/domain/detailuser/service.go:108.3,115.5 1 2
github.com/wstiehler/zpedetailuser-api/internal/domain/detailuser/service.go:118.2,119.22 2 2
